[debug] [2021-01-21T14:53:32.189Z] ----------------------------------------------------------------------
[debug] [2021-01-21T14:53:32.192Z] Command:       C:\Program Files\nodejs\node.exe C:\Users\ajayk\AppData\Roaming\npm\node_modules\firebase-tools\lib\bin\firebase.js init
[debug] [2021-01-21T14:53:32.193Z] CLI Version:   9.2.1
[debug] [2021-01-21T14:53:32.193Z] Platform:      win32
[debug] [2021-01-21T14:53:32.193Z] Node Version:  v13.9.0
[debug] [2021-01-21T14:53:32.195Z] Time:          Thu Jan 21 2021 20:23:32 GMT+0530 (India Standard Time)
[debug] [2021-01-21T14:53:32.195Z] ----------------------------------------------------------------------
[debug] [2021-01-21T14:53:32.195Z] 
[debug] [2021-01-21T14:53:32.215Z] > command requires scopes: ["email","openid","https://www.googleapis.com/auth/cloudplatformprojects.readonly","https://www.googleapis.com/auth/firebase","https://www.googleapis.com/auth/cloud-platform"]
[debug] [2021-01-21T14:53:32.216Z] > authorizing via signed-in user
[info] 
     ######## #### ########  ######## ########     ###     ######  ########
     ##        ##  ##     ## ##       ##     ##  ##   ##  ##       ##
     ######    ##  ########  ######   ########  #########  ######  ######
     ##        ##  ##    ##  ##       ##     ## ##     ##       ## ##
     ##       #### ##     ## ######## ########  ##     ##  ######  ########

You're about to initialize a Firebase project in this directory:

  C:\Users\ajayk

Before we get started, keep in mind:

  * You are initializing in an existing Firebase project directory

[info] 
=== Project Setup
[info] 
[info] First, let's associate this project directory with a Firebase project.
[info] You can create multiple project aliases by running firebase use --add, 
[info] but for now we'll just set up a default project.
[info] 
[info] i  .firebaserc already has a default project, using ajay-jewellery. 
[debug] [2021-01-21T14:53:39.672Z] >>> [apiv2][query] GET https://firebase.googleapis.com/v1beta1/projects/ajay-jewellery [none]
[debug] [2021-01-21T14:53:40.700Z] <<< [apiv2][status] GET https://firebase.googleapis.com/v1beta1/projects/ajay-jewellery 200
[debug] [2021-01-21T14:53:40.701Z] <<< [apiv2][body] GET https://firebase.googleapis.com/v1beta1/projects/ajay-jewellery {"projectId":"ajay-jewellery","projectNumber":"499391027328","displayName":"ajay jewellery","name":"projects/ajay-jewellery","resources":{"hostingSite":"ajay-jewellery"},"state":"ACTIVE"}
[info] 
=== Hosting Setup
[info] 
[info] Your public directory is the folder (relative to your project directory) that
[info] will contain Hosting assets to be uploaded with firebase deploy. If you
[info] have a build process for your assets, use your build's output directory.
[info] 
[debug] [2021-01-21T14:53:51.760Z] >>> [apiv2][query] GET https://www.gstatic.com/firebasejs/releases.json [none]
[debug] [2021-01-21T14:53:52.481Z] <<< [apiv2][status] GET https://www.gstatic.com/firebasejs/releases.json 200
[debug] [2021-01-21T14:53:52.482Z] <<< [apiv2][body] GET https://www.gstatic.com/firebasejs/releases.json {"current":{"version":"8.2.3","browserURL":"https://www.gstatic.com/firebasejs/8.2.3/firebase.js","packageURL":"https://www.gstatic.com/firebasejs/8.2.3/firebase.tgz"},"live":{"version":"8.2","browserURL":"https://www.gstatic.com/firebasejs/live/8.2/firebase.js","packageURL":"https://www.gstatic.com/firebasejs/live/8.2/firebase.tgz"},"components":{"analytics":"https://www.gstatic.com/firebasejs/8.2.3/firebase-analytics.js","app":"https://www.gstatic.com/firebasejs/8.2.3/firebase-app.js","auth":"https://www.gstatic.com/firebasejs/8.2.3/firebase-auth.js","database":"https://www.gstatic.com/firebasejs/8.2.3/firebase-database.js","firestore":"https://www.gstatic.com/firebasejs/8.2.3/firebase-firestore.js","functions":"https://www.gstatic.com/firebasejs/8.2.3/firebase-functions.js","installations":"https://www.gstatic.com/firebasejs/8.2.3/firebase-installations.js","messaging":"https://www.gstatic.com/firebasejs/8.2.3/firebase-messaging.js","storage":"https://www.gstatic.com/firebasejs/8.2.3/firebase-storage.js","performance":"https://www.gstatic.com/firebasejs/8.2.3/firebase-performance.js","remote-config":"https://www.gstatic.com/firebasejs/8.2.3/firebase-remote-config.js","firestore.memory":"https://www.gstatic.com/firebasejs/8.2.3/firebase-firestore.memory.js"}}
[info] +  Wrote public/index.html 
[info] 
[info] i  Detected a .git folder at C:\Users\ajayk 
[info] i  Authorizing with GitHub to upload your service account to a GitHub repository's secrets store. 
[info] 
[info] Visit this URL on this device to log in:
[info] https://github.com/login/oauth/authorize?client_id=89cf50f02ac6aaed3484&state=559770795&redirect_uri=http%3A%2F%2Flocalhost%3A9005&scope=read%3Auser%20repo%20public_repo
[info] 
[info] Waiting for authentication...
[debug] [2021-01-21T14:55:02.590Z] >>> HTTP REQUEST POST https://github.com/login/oauth/access_token  
 {"client_id":"89cf50f02ac6aaed3484","client_secret":"3330d14abc895d9a74d5f17cd7a00711fa2c5bf0","code":"1ef5c4dbf59bb1999a28","redirect_uri":"http://localhost:9005","state":"559770795"}
[debug] [2021-01-21T14:55:02.993Z] <<< HTTP RESPONSE 200 {"date":"Thu, 21 Jan 2021 14:55:05 GMT","content-type":"application/json; charset=utf-8","transfer-encoding":"chunked","server":"GitHub.com","status":"200 OK","vary":"X-PJAX, Accept-Encoding, Accept, X-Requested-With, Accept-Encoding","etag":"W/\"1c3fb55710efdcb118eee17f61d12a37\"","cache-control":"max-age=0, private, must-revalidate","strict-transport-security":"max-age=31536000; includeSubdomains; preload","x-frame-options":"deny","x-content-type-options":"nosniff","x-xss-protection":"1; mode=block","referrer-policy":"origin-when-cross-origin, strict-origin-when-cross-origin","expect-ct":"max-age=2592000, report-uri=\"https://api.github.com/_private/browser/errors\"","content-security-policy":"default-src 'none'; base-uri 'self'; block-all-mixed-content; connect-src 'self' uploads.github.com www.githubstatus.com collector.githubapp.com api.github.com github-cloud.s3.amazonaws.com github-production-repository-file-5c1aeb.s3.amazonaws.com github-production-upload-manifest-file-7fdce7.s3.amazonaws.com github-production-user-asset-6210df.s3.amazonaws.com cdn.optimizely.com logx.optimizely.com/v1/events wss://alive.github.com; font-src github.githubassets.com; form-action 'self' github.com gist.github.com; frame-ancestors 'none'; frame-src render.githubusercontent.com; img-src 'self' data: github.githubassets.com identicons.github.com collector.githubapp.com github-cloud.s3.amazonaws.com *.githubusercontent.com; manifest-src 'self'; media-src 'none'; script-src github.githubassets.com; style-src 'unsafe-inline' github.githubassets.com; worker-src github.com/socket-worker-5029ae85.js gist.github.com/socket-worker-5029ae85.js","x-github-request-id":"F29D:6BFE:784CD:8681B:600995C9"}
[debug] [2021-01-21T14:55:02.994Z] >>> [apiv2][query] GET https://api.github.com/user [none]
[debug] [2021-01-21T14:55:03.432Z] <<< [apiv2][status] GET https://api.github.com/user 200
[debug] [2021-01-21T14:55:03.432Z] <<< [apiv2][body] GET https://api.github.com/user {"login":"AjayKrish358","id":61084732,"node_id":"MDQ6VXNlcjYxMDg0NzMy","avatar_url":"https://avatars.githubusercontent.com/u/61084732?v=4","gravatar_id":"","url":"https://api.github.com/users/AjayKrish358","html_url":"https://github.com/AjayKrish358","followers_url":"https://api.github.com/users/AjayKrish358/followers","following_url":"https://api.github.com/users/AjayKrish358/following{/other_user}","gists_url":"https://api.github.com/users/AjayKrish358/gists{/gist_id}","starred_url":"https://api.github.com/users/AjayKrish358/starred{/owner}{/repo}","subscriptions_url":"https://api.github.com/users/AjayKrish358/subscriptions","organizations_url":"https://api.github.com/users/AjayKrish358/orgs","repos_url":"https://api.github.com/users/AjayKrish358/repos","events_url":"https://api.github.com/users/AjayKrish358/events{/privacy}","received_events_url":"https://api.github.com/users/AjayKrish358/received_events","type":"User","site_admin":false,"name":null,"company":null,"blog":"","location":null,"email":null,"hireable":null,"bio":null,"twitter_username":null,"public_repos":3,"public_gists":0,"followers":0,"following":0,"created_at":"2020-02-15T13:08:23Z","updated_at":"2021-01-21T14:54:58Z","private_gists":0,"total_private_repos":0,"owned_private_repos":0,"disk_usage":5196,"collaborators":0,"two_factor_authentication":false,"plan":{"name":"free","space":976562499,"collaborators":0,"private_repos":10000}}
[info] 
[info] +  Success! Logged into GitHub as AjayKrish358 
[info] 
